NOTE: Picked up JDK_JAVA_OPTIONS:  --add-opens=java.base/java.lang=ALL-UNNAMED --add-opens=java.base/java.io=ALL-UNNAMED --add-opens=java.base/java.util=ALL-UNNAMED --add-opens=java.base/java.util.concurrent=ALL-UNNAMED --add-opens=java.rmi/sun.rmi.transport=ALL-UNNAMED
30-Aug-2023 18:20:49.140 INFO [main] org.apache.catalina.startup.VersionLoggerListener.log Server version name:   Apache Tomcat/10.0.4
30-Aug-2023 18:20:49.143 INFO [main] org.apache.catalina.startup.VersionLoggerListener.log Server built:          Mar 5 2021 11:07:15 UTC
30-Aug-2023 18:20:49.144 INFO [main] org.apache.catalina.startup.VersionLoggerListener.log Server version number: 10.0.4.0
30-Aug-2023 18:20:49.144 INFO [main] org.apache.catalina.startup.VersionLoggerListener.log OS Name:               Mac OS X
30-Aug-2023 18:20:49.144 INFO [main] org.apache.catalina.startup.VersionLoggerListener.log OS Version:            10.16
30-Aug-2023 18:20:49.144 INFO [main] org.apache.catalina.startup.VersionLoggerListener.log Architecture:          x86_64
30-Aug-2023 18:20:49.144 INFO [main] org.apache.catalina.startup.VersionLoggerListener.log Java Home:             /Library/Java/JavaVirtualMachines/jdk-13.0.1.jdk/Contents/Home
30-Aug-2023 18:20:49.144 INFO [main] org.apache.catalina.startup.VersionLoggerListener.log JVM Version:           13.0.1+9
30-Aug-2023 18:20:49.144 INFO [main] org.apache.catalina.startup.VersionLoggerListener.log JVM Vendor:            Oracle Corporation
30-Aug-2023 18:20:49.144 INFO [main] org.apache.catalina.startup.VersionLoggerListener.log CATALINA_BASE:         /Users/juan/code/skillsoft/java-novice-to-javanista/track-3-javanista/java-web-services-building-rest-apis/server/apache-tomcat-10.0.4
30-Aug-2023 18:20:49.144 INFO [main] org.apache.catalina.startup.VersionLoggerListener.log CATALINA_HOME:         /Users/juan/code/skillsoft/java-novice-to-javanista/track-3-javanista/java-web-services-building-rest-apis/server/apache-tomcat-10.0.4
30-Aug-2023 18:20:49.159 INFO [main] org.apache.catalina.startup.VersionLoggerListener.log Command line argument: --add-opens=java.base/java.lang=ALL-UNNAMED
30-Aug-2023 18:20:49.159 INFO [main] org.apache.catalina.startup.VersionLoggerListener.log Command line argument: --add-opens=java.base/java.io=ALL-UNNAMED
30-Aug-2023 18:20:49.159 INFO [main] org.apache.catalina.startup.VersionLoggerListener.log Command line argument: --add-opens=java.base/java.util=ALL-UNNAMED
30-Aug-2023 18:20:49.159 INFO [main] org.apache.catalina.startup.VersionLoggerListener.log Command line argument: --add-opens=java.base/java.util.concurrent=ALL-UNNAMED
30-Aug-2023 18:20:49.159 INFO [main] org.apache.catalina.startup.VersionLoggerListener.log Command line argument: --add-opens=java.rmi/sun.rmi.transport=ALL-UNNAMED
30-Aug-2023 18:20:49.159 INFO [main] org.apache.catalina.startup.VersionLoggerListener.log Command line argument: -Djava.util.logging.config.file=/Users/juan/code/skillsoft/java-novice-to-javanista/track-3-javanista/java-web-services-building-rest-apis/server/apache-tomcat-10.0.4/conf/logging.properties
30-Aug-2023 18:20:49.159 INFO [main] org.apache.catalina.startup.VersionLoggerListener.log Command line argument: -Djava.util.logging.manager=org.apache.juli.ClassLoaderLogManager
30-Aug-2023 18:20:49.159 INFO [main] org.apache.catalina.startup.VersionLoggerListener.log Command line argument: -Djdk.tls.ephemeralDHKeySize=2048
30-Aug-2023 18:20:49.159 INFO [main] org.apache.catalina.startup.VersionLoggerListener.log Command line argument: -Djava.protocol.handler.pkgs=org.apache.catalina.webresources
30-Aug-2023 18:20:49.160 INFO [main] org.apache.catalina.startup.VersionLoggerListener.log Command line argument: -Dorg.apache.catalina.security.SecurityListener.UMASK=0027
30-Aug-2023 18:20:49.160 INFO [main] org.apache.catalina.startup.VersionLoggerListener.log Command line argument: -Dignore.endorsed.dirs=
30-Aug-2023 18:20:49.160 INFO [main] org.apache.catalina.startup.VersionLoggerListener.log Command line argument: -Dcatalina.base=/Users/juan/code/skillsoft/java-novice-to-javanista/track-3-javanista/java-web-services-building-rest-apis/server/apache-tomcat-10.0.4
30-Aug-2023 18:20:49.160 INFO [main] org.apache.catalina.startup.VersionLoggerListener.log Command line argument: -Dcatalina.home=/Users/juan/code/skillsoft/java-novice-to-javanista/track-3-javanista/java-web-services-building-rest-apis/server/apache-tomcat-10.0.4
30-Aug-2023 18:20:49.160 INFO [main] org.apache.catalina.startup.VersionLoggerListener.log Command line argument: -Djava.io.tmpdir=/Users/juan/code/skillsoft/java-novice-to-javanista/track-3-javanista/java-web-services-building-rest-apis/server/apache-tomcat-10.0.4/temp
30-Aug-2023 18:20:49.162 INFO [main] org.apache.catalina.core.AprLifecycleListener.lifecycleEvent The Apache Tomcat Native library which allows using OpenSSL was not found on the java.library.path: [/Users/juan/Library/Java/Extensions:/Library/Java/Extensions:/Network/Library/Java/Extensions:/System/Library/Java/Extensions:/usr/lib/java:.]
30-Aug-2023 18:20:49.408 INFO [main] org.apache.coyote.AbstractProtocol.init Initializing ProtocolHandler ["http-nio-8080"]
30-Aug-2023 18:20:49.431 INFO [main] org.apache.catalina.startup.Catalina.load Server initialization in [473] milliseconds
30-Aug-2023 18:20:49.461 INFO [main] org.apache.catalina.core.StandardService.startInternal Starting service [Catalina]
30-Aug-2023 18:20:49.461 INFO [main] org.apache.catalina.core.StandardEngine.startInternal Starting Servlet engine: [Apache Tomcat/10.0.4]
30-Aug-2023 18:20:49.470 INFO [main] org.apache.catalina.startup.HostConfig.deployDirectory Deploying web application directory [/Users/juan/code/skillsoft/java-novice-to-javanista/track-3-javanista/java-web-services-building-rest-apis/server/apache-tomcat-10.0.4/webapps/docs]
30-Aug-2023 18:20:49.703 INFO [main] org.apache.catalina.startup.HostConfig.deployDirectory Deployment of web application directory [/Users/juan/code/skillsoft/java-novice-to-javanista/track-3-javanista/java-web-services-building-rest-apis/server/apache-tomcat-10.0.4/webapps/docs] has finished in [233] ms
30-Aug-2023 18:20:49.703 INFO [main] org.apache.catalina.startup.HostConfig.deployDirectory Deploying web application directory [/Users/juan/code/skillsoft/java-novice-to-javanista/track-3-javanista/java-web-services-building-rest-apis/server/apache-tomcat-10.0.4/webapps/manager]
30-Aug-2023 18:20:49.741 INFO [main] org.apache.catalina.startup.HostConfig.deployDirectory Deployment of web application directory [/Users/juan/code/skillsoft/java-novice-to-javanista/track-3-javanista/java-web-services-building-rest-apis/server/apache-tomcat-10.0.4/webapps/manager] has finished in [38] ms
30-Aug-2023 18:20:49.742 INFO [main] org.apache.catalina.startup.HostConfig.deployDirectory Deploying web application directory [/Users/juan/code/skillsoft/java-novice-to-javanista/track-3-javanista/java-web-services-building-rest-apis/server/apache-tomcat-10.0.4/webapps/examples]
30-Aug-2023 18:20:50.036 INFO [main] org.apache.catalina.startup.HostConfig.deployDirectory Deployment of web application directory [/Users/juan/code/skillsoft/java-novice-to-javanista/track-3-javanista/java-web-services-building-rest-apis/server/apache-tomcat-10.0.4/webapps/examples] has finished in [293] ms
30-Aug-2023 18:20:50.036 INFO [main] org.apache.catalina.startup.HostConfig.deployDirectory Deploying web application directory [/Users/juan/code/skillsoft/java-novice-to-javanista/track-3-javanista/java-web-services-building-rest-apis/server/apache-tomcat-10.0.4/webapps/ROOT]
30-Aug-2023 18:20:50.055 INFO [main] org.apache.catalina.startup.HostConfig.deployDirectory Deployment of web application directory [/Users/juan/code/skillsoft/java-novice-to-javanista/track-3-javanista/java-web-services-building-rest-apis/server/apache-tomcat-10.0.4/webapps/ROOT] has finished in [19] ms
30-Aug-2023 18:20:50.056 INFO [main] org.apache.catalina.startup.HostConfig.deployDirectory Deploying web application directory [/Users/juan/code/skillsoft/java-novice-to-javanista/track-3-javanista/java-web-services-building-rest-apis/server/apache-tomcat-10.0.4/webapps/host-manager]
30-Aug-2023 18:20:50.080 INFO [main] org.apache.catalina.startup.HostConfig.deployDirectory Deployment of web application directory [/Users/juan/code/skillsoft/java-novice-to-javanista/track-3-javanista/java-web-services-building-rest-apis/server/apache-tomcat-10.0.4/webapps/host-manager] has finished in [24] ms
30-Aug-2023 18:20:50.084 INFO [main] org.apache.coyote.AbstractProtocol.start Starting ProtocolHandler ["http-nio-8080"]
30-Aug-2023 18:20:50.103 INFO [main] org.apache.catalina.startup.Catalina.start Server startup in [672] milliseconds
30-Aug-2023 18:23:30.183 INFO [Catalina-utility-1] org.apache.catalina.startup.HostConfig.deployWAR Deploying web application archive [/Users/juan/code/skillsoft/java-novice-to-javanista/track-3-javanista/java-web-services-building-rest-apis/server/apache-tomcat-10.0.4/webapps/rest-app.war]
30-Aug-2023 18:23:30.852 INFO [Catalina-utility-1] org.apache.jasper.servlet.TldScanner.scanJars At least one JAR was scanned for TLDs yet contained no TLDs. Enable debug logging for this logger for a complete list of JARs that were scanned but no TLDs were found in them. Skipping unneeded JARs during scanning can improve startup time and JSP compilation time.
30-Aug-2023 18:23:31.474 WARNING [Catalina-utility-1] org.glassfish.jersey.server.wadl.WadlFeature.configure JAX-B API not found . WADL feature is disabled.
30-Aug-2023 18:23:31.784 INFO [Catalina-utility-1] org.apache.catalina.startup.HostConfig.deployWAR Deployment of web application archive [/Users/juan/code/skillsoft/java-novice-to-javanista/track-3-javanista/java-web-services-building-rest-apis/server/apache-tomcat-10.0.4/webapps/rest-app.war] has finished in [1,601] ms
30-Aug-2023 19:13:53.250 INFO [Catalina-utility-2] org.apache.catalina.startup.HostConfig.undeploy Undeploying context [/rest-app]
30-Aug-2023 19:13:53.314 INFO [Catalina-utility-2] org.apache.catalina.startup.HostConfig.deployWAR Deploying web application archive [/Users/juan/code/skillsoft/java-novice-to-javanista/track-3-javanista/java-web-services-building-rest-apis/server/apache-tomcat-10.0.4/webapps/rest-app.war]
30-Aug-2023 19:13:53.916 INFO [Catalina-utility-2] org.apache.jasper.servlet.TldScanner.scanJars At least one JAR was scanned for TLDs yet contained no TLDs. Enable debug logging for this logger for a complete list of JARs that were scanned but no TLDs were found in them. Skipping unneeded JARs during scanning can improve startup time and JSP compilation time.
30-Aug-2023 19:13:54.394 WARNING [Catalina-utility-2] org.glassfish.jersey.server.wadl.WadlFeature.configure JAX-B API not found . WADL feature is disabled.
30-Aug-2023 19:13:54.663 INFO [Catalina-utility-2] org.apache.catalina.startup.HostConfig.deployWAR Deployment of web application archive [/Users/juan/code/skillsoft/java-novice-to-javanista/track-3-javanista/java-web-services-building-rest-apis/server/apache-tomcat-10.0.4/webapps/rest-app.war] has finished in [1,349] ms
30-Aug-2023 19:42:55.537 INFO [Catalina-utility-2] org.apache.catalina.startup.HostConfig.undeploy Undeploying context [/rest-app]
30-Aug-2023 19:42:55.557 INFO [Catalina-utility-2] org.apache.catalina.startup.HostConfig.deployWAR Deploying web application archive [/Users/juan/code/skillsoft/java-novice-to-javanista/track-3-javanista/java-web-services-building-rest-apis/server/apache-tomcat-10.0.4/webapps/rest-app.war]
30-Aug-2023 19:42:56.066 INFO [Catalina-utility-2] org.apache.jasper.servlet.TldScanner.scanJars At least one JAR was scanned for TLDs yet contained no TLDs. Enable debug logging for this logger for a complete list of JARs that were scanned but no TLDs were found in them. Skipping unneeded JARs during scanning can improve startup time and JSP compilation time.
30-Aug-2023 19:42:56.522 WARNING [Catalina-utility-2] org.glassfish.jersey.server.wadl.WadlFeature.configure JAX-B API not found . WADL feature is disabled.
30-Aug-2023 19:42:56.800 INFO [Catalina-utility-2] org.apache.catalina.startup.HostConfig.deployWAR Deployment of web application archive [/Users/juan/code/skillsoft/java-novice-to-javanista/track-3-javanista/java-web-services-building-rest-apis/server/apache-tomcat-10.0.4/webapps/rest-app.war] has finished in [1,242] ms
30-Aug-2023 19:52:37.067 INFO [Catalina-utility-2] org.apache.catalina.startup.HostConfig.undeploy Undeploying context [/rest-app]
30-Aug-2023 19:52:37.081 INFO [Catalina-utility-2] org.apache.catalina.startup.HostConfig.deployWAR Deploying web application archive [/Users/juan/code/skillsoft/java-novice-to-javanista/track-3-javanista/java-web-services-building-rest-apis/server/apache-tomcat-10.0.4/webapps/rest-app.war]
30-Aug-2023 19:52:37.588 INFO [Catalina-utility-2] org.apache.jasper.servlet.TldScanner.scanJars At least one JAR was scanned for TLDs yet contained no TLDs. Enable debug logging for this logger for a complete list of JARs that were scanned but no TLDs were found in them. Skipping unneeded JARs during scanning can improve startup time and JSP compilation time.
30-Aug-2023 19:52:38.175 WARNING [Catalina-utility-2] org.glassfish.jersey.server.wadl.WadlFeature.configure JAX-B API not found . WADL feature is disabled.
30-Aug-2023 19:52:38.508 INFO [Catalina-utility-2] org.apache.catalina.startup.HostConfig.deployWAR Deployment of web application archive [/Users/juan/code/skillsoft/java-novice-to-javanista/track-3-javanista/java-web-services-building-rest-apis/server/apache-tomcat-10.0.4/webapps/rest-app.war] has finished in [1,427] ms
30-Aug-2023 20:03:28.789 INFO [Catalina-utility-2] org.apache.catalina.startup.HostConfig.undeploy Undeploying context [/rest-app]
30-Aug-2023 20:03:28.838 INFO [Catalina-utility-2] org.apache.catalina.startup.HostConfig.deployWAR Deploying web application archive [/Users/juan/code/skillsoft/java-novice-to-javanista/track-3-javanista/java-web-services-building-rest-apis/server/apache-tomcat-10.0.4/webapps/rest-app.war]
30-Aug-2023 20:03:29.437 INFO [Catalina-utility-2] org.apache.jasper.servlet.TldScanner.scanJars At least one JAR was scanned for TLDs yet contained no TLDs. Enable debug logging for this logger for a complete list of JARs that were scanned but no TLDs were found in them. Skipping unneeded JARs during scanning can improve startup time and JSP compilation time.
30-Aug-2023 20:03:30.007 WARNING [Catalina-utility-2] org.glassfish.jersey.server.wadl.WadlFeature.configure JAX-B API not found . WADL feature is disabled.
30-Aug-2023 20:03:30.334 INFO [Catalina-utility-2] org.apache.catalina.startup.HostConfig.deployWAR Deployment of web application archive [/Users/juan/code/skillsoft/java-novice-to-javanista/track-3-javanista/java-web-services-building-rest-apis/server/apache-tomcat-10.0.4/webapps/rest-app.war] has finished in [1,496] ms
30-Aug-2023 23:46:57.438 INFO [Catalina-utility-2] org.apache.catalina.startup.HostConfig.undeploy Undeploying context [/rest-app]
30-Aug-2023 23:46:57.483 INFO [Catalina-utility-2] org.apache.catalina.startup.HostConfig.deployWAR Deploying web application archive [/Users/juan/code/skillsoft/java-novice-to-javanista/track-3-javanista/java-web-services-building-rest-apis/server/apache-tomcat-10.0.4/webapps/rest-app.war]
30-Aug-2023 23:46:58.183 INFO [Catalina-utility-2] org.apache.jasper.servlet.TldScanner.scanJars At least one JAR was scanned for TLDs yet contained no TLDs. Enable debug logging for this logger for a complete list of JARs that were scanned but no TLDs were found in them. Skipping unneeded JARs during scanning can improve startup time and JSP compilation time.
30-Aug-2023 23:46:58.676 WARNING [Catalina-utility-2] org.glassfish.jersey.server.wadl.WadlFeature.configure JAX-B API not found . WADL feature is disabled.
30-Aug-2023 23:46:59.198 INFO [Catalina-utility-2] org.apache.catalina.startup.HostConfig.deployWAR Deployment of web application archive [/Users/juan/code/skillsoft/java-novice-to-javanista/track-3-javanista/java-web-services-building-rest-apis/server/apache-tomcat-10.0.4/webapps/rest-app.war] has finished in [1,715] ms
